{"/Users/maria/Documents/Programming/interview-assignment/recipe-finder-technical-assignment/components/Button/Button.tsx": {"path":"/Users/maria/Documents/Programming/interview-assignment/recipe-finder-technical-assignment/components/Button/Button.tsx","statementMap":{"0":{"start":{"line":17,"column":0},"end":{"line":17,"column":15}},"1":{"start":{"line":8,"column":15},"end":{"line":15,"column":null}},"2":{"start":{"line":17,"column":15},"end":{"line":17,"column":null}}},"fnMap":{"0":{"name":"(anonymous_1)","decl":{"start":{"line":8,"column":15},"end":{"line":8,"column":16}},"loc":{"start":{"line":8,"column":57},"end":{"line":15,"column":null}}}},"branchMap":{},"s":{"0":10,"1":2,"2":2},"f":{"0":10},"b":{}}
,"/Users/maria/Documents/Programming/interview-assignment/recipe-finder-technical-assignment/components/Button/index.ts": {"path":"/Users/maria/Documents/Programming/interview-assignment/recipe-finder-technical-assignment/components/Button/index.ts","statementMap":{"0":{"start":{"line":1,"column":14},"end":{"line":1,"column":null}}},"fnMap":{},"branchMap":{},"s":{"0":0},"f":{},"b":{}}
,"/Users/maria/Documents/Programming/interview-assignment/recipe-finder-technical-assignment/components/EmptyResults/EmptyResults.tsx": {"path":"/Users/maria/Documents/Programming/interview-assignment/recipe-finder-technical-assignment/components/EmptyResults/EmptyResults.tsx","statementMap":{"0":{"start":{"line":10,"column":0},"end":{"line":10,"column":15}},"1":{"start":{"line":1,"column":21},"end":{"line":8,"column":null}},"2":{"start":{"line":10,"column":15},"end":{"line":10,"column":null}}},"fnMap":{"0":{"name":"(anonymous_1)","decl":{"start":{"line":1,"column":21},"end":{"line":1,"column":null}},"loc":{"start":{"line":1,"column":21},"end":{"line":8,"column":null}}}},"branchMap":{},"s":{"0":1,"1":1,"2":1},"f":{"0":1},"b":{}}
,"/Users/maria/Documents/Programming/interview-assignment/recipe-finder-technical-assignment/components/EmptyResults/index.ts": {"path":"/Users/maria/Documents/Programming/interview-assignment/recipe-finder-technical-assignment/components/EmptyResults/index.ts","statementMap":{"0":{"start":{"line":1,"column":14},"end":{"line":1,"column":null}}},"fnMap":{},"branchMap":{},"s":{"0":0},"f":{},"b":{}}
,"/Users/maria/Documents/Programming/interview-assignment/recipe-finder-technical-assignment/components/Filter/Filter.tsx": {"path":"/Users/maria/Documents/Programming/interview-assignment/recipe-finder-technical-assignment/components/Filter/Filter.tsx","statementMap":{"0":{"start":{"line":19,"column":0},"end":{"line":19,"column":15}},"1":{"start":{"line":7,"column":15},"end":{"line":17,"column":null}},"2":{"start":{"line":19,"column":15},"end":{"line":19,"column":null}}},"fnMap":{"0":{"name":"(anonymous_1)","decl":{"start":{"line":7,"column":15},"end":{"line":7,"column":16}},"loc":{"start":{"line":7,"column":69},"end":{"line":17,"column":null}}}},"branchMap":{},"s":{"0":3,"1":2,"2":2},"f":{"0":3},"b":{}}
,"/Users/maria/Documents/Programming/interview-assignment/recipe-finder-technical-assignment/components/Filter/index.ts": {"path":"/Users/maria/Documents/Programming/interview-assignment/recipe-finder-technical-assignment/components/Filter/index.ts","statementMap":{"0":{"start":{"line":1,"column":14},"end":{"line":1,"column":null}}},"fnMap":{},"branchMap":{},"s":{"0":0},"f":{},"b":{}}
,"/Users/maria/Documents/Programming/interview-assignment/recipe-finder-technical-assignment/components/FilterPanel/FilterPanel.tsx": {"path":"/Users/maria/Documents/Programming/interview-assignment/recipe-finder-technical-assignment/components/FilterPanel/FilterPanel.tsx","statementMap":{"0":{"start":{"line":15,"column":24},"end":{"line":15,"column":36}},"1":{"start":{"line":3,"column":24},"end":{"line":3,"column":null}},"2":{"start":{"line":4,"column":29},"end":{"line":4,"column":null}},"3":{"start":{"line":5,"column":19},"end":{"line":5,"column":null}},"4":{"start":{"line":16,"column":2},"end":{"line":33,"column":null}},"5":{"start":{"line":23,"column":12},"end":{"line":24,"column":null}}},"fnMap":{"0":{"name":"FilterPanel","decl":{"start":{"line":15,"column":24},"end":{"line":15,"column":36}},"loc":{"start":{"line":15,"column":96},"end":{"line":34,"column":null}}},"1":{"name":"(anonymous_3)","decl":{"start":{"line":22,"column":27},"end":{"line":22,"column":28}},"loc":{"start":{"line":22,"column":28},"end":{"line":29,"column":null}}}},"branchMap":{"0":{"loc":{"start":{"line":16,"column":9},"end":{"line":33,"column":null}},"type":"cond-expr","locations":[{"start":{"line":17,"column":4},"end":{"line":33,"column":null}},{"start":{"line":33,"column":6},"end":{"line":33,"column":null}}]}},"s":{"0":1,"1":1,"2":1,"3":1,"4":1,"5":0},"f":{"0":1,"1":0},"b":{"0":[0,1]}}
,"/Users/maria/Documents/Programming/interview-assignment/recipe-finder-technical-assignment/components/FilterPanel/index.ts": {"path":"/Users/maria/Documents/Programming/interview-assignment/recipe-finder-technical-assignment/components/FilterPanel/index.ts","statementMap":{"0":{"start":{"line":1,"column":14},"end":{"line":1,"column":null}}},"fnMap":{},"branchMap":{},"s":{"0":0},"f":{},"b":{}}
,"/Users/maria/Documents/Programming/interview-assignment/recipe-finder-technical-assignment/components/FiltersSection/FiltersSections.tsx": {"path":"/Users/maria/Documents/Programming/interview-assignment/recipe-finder-technical-assignment/components/FiltersSection/FiltersSections.tsx","statementMap":{"0":{"start":{"line":52,"column":0},"end":{"line":52,"column":15}},"1":{"start":{"line":1,"column":36},"end":{"line":1,"column":null}},"2":{"start":{"line":2,"column":19},"end":{"line":2,"column":null}},"3":{"start":{"line":3,"column":24},"end":{"line":3,"column":null}},"4":{"start":{"line":16,"column":23},"end":{"line":49,"column":null}},"5":{"start":{"line":25,"column":35},"end":{"line":25,"column":null}},"6":{"start":{"line":27,"column":1},"end":{"line":29,"column":null}},"7":{"start":{"line":28,"column":2},"end":{"line":28,"column":null}},"8":{"start":{"line":28,"column":18},"end":{"line":28,"column":null}},"9":{"start":{"line":52,"column":15},"end":{"line":52,"column":null}}},"fnMap":{"0":{"name":"(anonymous_2)","decl":{"start":{"line":16,"column":23},"end":{"line":16,"column":null}},"loc":{"start":{"line":24,"column":27},"end":{"line":49,"column":null}}},"1":{"name":"(anonymous_3)","decl":{"start":{"line":27,"column":11},"end":{"line":27,"column":null}},"loc":{"start":{"line":27,"column":11},"end":{"line":29,"column":4}}}},"branchMap":{"0":{"loc":{"start":{"line":28,"column":2},"end":{"line":28,"column":null}},"type":"if","locations":[{"start":{"line":28,"column":2},"end":{"line":28,"column":null}},{"start":{},"end":{}}]},"1":{"loc":{"start":{"line":43,"column":5},"end":{"line":43,"column":null}},"type":"binary-expr","locations":[{"start":{"line":43,"column":5},"end":{"line":43,"column":null}}]}},"s":{"0":0,"1":0,"2":0,"3":0,"4":0,"5":0,"6":0,"7":0,"8":0,"9":0},"f":{"0":0,"1":0},"b":{"0":[0,0],"1":[0]}}
,"/Users/maria/Documents/Programming/interview-assignment/recipe-finder-technical-assignment/components/FiltersSection/index.ts": {"path":"/Users/maria/Documents/Programming/interview-assignment/recipe-finder-technical-assignment/components/FiltersSection/index.ts","statementMap":{"0":{"start":{"line":1,"column":14},"end":{"line":1,"column":null}}},"fnMap":{},"branchMap":{},"s":{"0":0},"f":{},"b":{}}
,"/Users/maria/Documents/Programming/interview-assignment/recipe-finder-technical-assignment/components/MealCard/MealCard.tsx": {"path":"/Users/maria/Documents/Programming/interview-assignment/recipe-finder-technical-assignment/components/MealCard/MealCard.tsx","statementMap":{"0":{"start":{"line":5,"column":24},"end":{"line":5,"column":33}},"1":{"start":{"line":2,"column":18},"end":{"line":2,"column":null}},"2":{"start":{"line":3,"column":17},"end":{"line":3,"column":null}}},"fnMap":{"0":{"name":"MealCard","decl":{"start":{"line":5,"column":24},"end":{"line":5,"column":33}},"loc":{"start":{"line":5,"column":65},"end":{"line":20,"column":null}}}},"branchMap":{"0":{"loc":{"start":{"line":11,"column":9},"end":{"line":11,"column":18}},"type":"binary-expr","locations":[{"start":{"line":11,"column":9},"end":{"line":11,"column":18}}]}},"s":{"0":8,"1":2,"2":2},"f":{"0":8},"b":{"0":[8]}}
,"/Users/maria/Documents/Programming/interview-assignment/recipe-finder-technical-assignment/components/MealCard/index.tsx": {"path":"/Users/maria/Documents/Programming/interview-assignment/recipe-finder-technical-assignment/components/MealCard/index.tsx","statementMap":{"0":{"start":{"line":1,"column":14},"end":{"line":1,"column":null}}},"fnMap":{},"branchMap":{},"s":{"0":0},"f":{},"b":{}}
,"/Users/maria/Documents/Programming/interview-assignment/recipe-finder-technical-assignment/components/MealCardGrid/MealCardGrid.tsx": {"path":"/Users/maria/Documents/Programming/interview-assignment/recipe-finder-technical-assignment/components/MealCardGrid/MealCardGrid.tsx","statementMap":{"0":{"start":{"line":22,"column":0},"end":{"line":22,"column":15}},"1":{"start":{"line":2,"column":21},"end":{"line":2,"column":null}},"2":{"start":{"line":8,"column":21},"end":{"line":20,"column":null}},"3":{"start":{"line":14,"column":5},"end":{"line":14,"column":24}},"4":{"start":{"line":22,"column":15},"end":{"line":22,"column":null}}},"fnMap":{"0":{"name":"(anonymous_2)","decl":{"start":{"line":8,"column":21},"end":{"line":8,"column":22}},"loc":{"start":{"line":8,"column":44},"end":{"line":20,"column":null}}},"1":{"name":"(anonymous_3)","decl":{"start":{"line":13,"column":22},"end":{"line":13,"column":23}},"loc":{"start":{"line":14,"column":5},"end":{"line":14,"column":24}}}},"branchMap":{},"s":{"0":3,"1":1,"2":1,"3":4,"4":1},"f":{"0":3,"1":4},"b":{}}
,"/Users/maria/Documents/Programming/interview-assignment/recipe-finder-technical-assignment/components/MealCardGrid/index.ts": {"path":"/Users/maria/Documents/Programming/interview-assignment/recipe-finder-technical-assignment/components/MealCardGrid/index.ts","statementMap":{"0":{"start":{"line":1,"column":14},"end":{"line":1,"column":null}}},"fnMap":{},"branchMap":{},"s":{"0":0},"f":{},"b":{}}
,"/Users/maria/Documents/Programming/interview-assignment/recipe-finder-technical-assignment/components/Pagination/Pagination.tsx": {"path":"/Users/maria/Documents/Programming/interview-assignment/recipe-finder-technical-assignment/components/Pagination/Pagination.tsx","statementMap":{"0":{"start":{"line":8,"column":13},"end":{"line":8,"column":26}},"1":{"start":{"line":1,"column":24},"end":{"line":1,"column":null}},"2":{"start":{"line":8,"column":26},"end":{"line":48,"column":null}},"3":{"start":{"line":9,"column":27},"end":{"line":9,"column":null}},"4":{"start":{"line":10,"column":23},"end":{"line":10,"column":null}},"5":{"start":{"line":12,"column":31},"end":{"line":25,"column":null}},"6":{"start":{"line":34,"column":44},"end":{"line":34,"column":51}},"7":{"start":{"line":35,"column":4},"end":{"line":36,"column":24}}},"fnMap":{"0":{"name":"(anonymous_1)","decl":{"start":{"line":8,"column":26},"end":{"line":8,"column":27}},"loc":{"start":{"line":8,"column":56},"end":{"line":48,"column":null}}},"1":{"name":"(anonymous_2)","decl":{"start":{"line":34,"column":34},"end":{"line":34,"column":35}},"loc":{"start":{"line":34,"column":44},"end":{"line":34,"column":51}}},"2":{"name":"(anonymous_3)","decl":{"start":{"line":34,"column":55},"end":{"line":34,"column":56}},"loc":{"start":{"line":34,"column":62},"end":{"line":40,"column":null}}}},"branchMap":{"0":{"loc":{"start":{"line":9,"column":27},"end":{"line":9,"column":null}},"type":"binary-expr","locations":[{"start":{"line":9,"column":27},"end":{"line":9,"column":43}},{"start":{"line":9,"column":43},"end":{"line":9,"column":null}}]},"1":{"loc":{"start":{"line":30,"column":4},"end":{"line":30,"column":null}},"type":"binary-expr","locations":[{"start":{"line":30,"column":4},"end":{"line":30,"column":27}},{"start":{"line":30,"column":27},"end":{"line":30,"column":null}}]},"2":{"loc":{"start":{"line":36,"column":66},"end":{"line":36,"column":null}},"type":"cond-expr","locations":[{"start":{"line":36,"column":93},"end":{"line":36,"column":126}},{"start":{"line":36,"column":126},"end":{"line":36,"column":null}}]},"3":{"loc":{"start":{"line":42,"column":4},"end":{"line":42,"column":null}},"type":"binary-expr","locations":[{"start":{"line":42,"column":4},"end":{"line":42,"column":21}},{"start":{"line":42,"column":21},"end":{"line":42,"column":null}}]}},"s":{"0":6,"1":1,"2":1,"3":6,"4":6,"5":6,"6":21,"7":21},"f":{"0":6,"1":21,"2":21},"b":{"0":[6,5],"1":[6,2],"2":[5,16],"3":[6,1]}}
,"/Users/maria/Documents/Programming/interview-assignment/recipe-finder-technical-assignment/components/Pagination/index.ts": {"path":"/Users/maria/Documents/Programming/interview-assignment/recipe-finder-technical-assignment/components/Pagination/index.ts","statementMap":{"0":{"start":{"line":1,"column":14},"end":{"line":1,"column":null}}},"fnMap":{},"branchMap":{},"s":{"0":0},"f":{},"b":{}}
,"/Users/maria/Documents/Programming/interview-assignment/recipe-finder-technical-assignment/components/SearchBar/SearchBar.tsx": {"path":"/Users/maria/Documents/Programming/interview-assignment/recipe-finder-technical-assignment/components/SearchBar/SearchBar.tsx","statementMap":{"0":{"start":{"line":9,"column":24},"end":{"line":9,"column":34}},"1":{"start":{"line":1,"column":26},"end":{"line":1,"column":null}},"2":{"start":{"line":2,"column":19},"end":{"line":2,"column":null}},"3":{"start":{"line":3,"column":25},"end":{"line":3,"column":null}},"4":{"start":{"line":10,"column":17},"end":{"line":10,"column":null}},"5":{"start":{"line":11,"column":38},"end":{"line":11,"column":null}},"6":{"start":{"line":18,"column":96},"end":{"line":18,"column":null}},"7":{"start":{"line":20,"column":36},"end":{"line":20,"column":75}}},"fnMap":{"0":{"name":"SearchBar","decl":{"start":{"line":9,"column":24},"end":{"line":9,"column":34}},"loc":{"start":{"line":9,"column":66},"end":{"line":24,"column":null}}},"1":{"name":"(anonymous_3)","decl":{"start":{"line":18,"column":89},"end":{"line":18,"column":90}},"loc":{"start":{"line":18,"column":96},"end":{"line":18,"column":null}}},"2":{"name":"(anonymous_4)","decl":{"start":{"line":20,"column":29},"end":{"line":20,"column":30}},"loc":{"start":{"line":20,"column":36},"end":{"line":20,"column":75}}}},"branchMap":{"0":{"loc":{"start":{"line":11,"column":47},"end":{"line":11,"column":null}},"type":"binary-expr","locations":[{"start":{"line":11,"column":47},"end":{"line":11,"column":71}},{"start":{"line":11,"column":71},"end":{"line":11,"column":null}}]}},"s":{"0":4,"1":1,"2":1,"3":1,"4":6,"5":6,"6":2,"7":1},"f":{"0":6,"1":2,"2":1},"b":{"0":[6,2]}}
,"/Users/maria/Documents/Programming/interview-assignment/recipe-finder-technical-assignment/components/SearchBar/index.ts": {"path":"/Users/maria/Documents/Programming/interview-assignment/recipe-finder-technical-assignment/components/SearchBar/index.ts","statementMap":{"0":{"start":{"line":1,"column":14},"end":{"line":1,"column":null}}},"fnMap":{},"branchMap":{},"s":{"0":0},"f":{},"b":{}}
,"/Users/maria/Documents/Programming/interview-assignment/recipe-finder-technical-assignment/components/Tag/Tag.tsx": {"path":"/Users/maria/Documents/Programming/interview-assignment/recipe-finder-technical-assignment/components/Tag/Tag.tsx","statementMap":{"0":{"start":{"line":19,"column":0},"end":{"line":19,"column":15}},"1":{"start":{"line":6,"column":12},"end":{"line":17,"column":null}},"2":{"start":{"line":19,"column":15},"end":{"line":19,"column":null}}},"fnMap":{"0":{"name":"(anonymous_1)","decl":{"start":{"line":6,"column":12},"end":{"line":6,"column":13}},"loc":{"start":{"line":6,"column":48},"end":{"line":17,"column":null}}}},"branchMap":{},"s":{"0":7,"1":2,"2":2},"f":{"0":7},"b":{}}
,"/Users/maria/Documents/Programming/interview-assignment/recipe-finder-technical-assignment/components/Tag/index.ts": {"path":"/Users/maria/Documents/Programming/interview-assignment/recipe-finder-technical-assignment/components/Tag/index.ts","statementMap":{"0":{"start":{"line":1,"column":14},"end":{"line":1,"column":null}}},"fnMap":{},"branchMap":{},"s":{"0":0},"f":{},"b":{}}
,"/Users/maria/Documents/Programming/interview-assignment/recipe-finder-technical-assignment/components/TagsPanel/TagsPanel.tsx": {"path":"/Users/maria/Documents/Programming/interview-assignment/recipe-finder-technical-assignment/components/TagsPanel/TagsPanel.tsx","statementMap":{"0":{"start":{"line":20,"column":0},"end":{"line":20,"column":15}},"1":{"start":{"line":1,"column":16},"end":{"line":1,"column":null}},"2":{"start":{"line":2,"column":29},"end":{"line":2,"column":null}},"3":{"start":{"line":9,"column":18},"end":{"line":18,"column":null}},"4":{"start":{"line":11,"column":1},"end":{"line":17,"column":null}},"5":{"start":{"line":14,"column":4},"end":{"line":14,"column":24}},"6":{"start":{"line":14,"column":59},"end":{"line":14,"column":null}},"7":{"start":{"line":20,"column":15},"end":{"line":20,"column":null}}},"fnMap":{"0":{"name":"(anonymous_2)","decl":{"start":{"line":9,"column":18},"end":{"line":9,"column":19}},"loc":{"start":{"line":9,"column":59},"end":{"line":18,"column":null}}},"1":{"name":"(anonymous_3)","decl":{"start":{"line":13,"column":13},"end":{"line":13,"column":14}},"loc":{"start":{"line":14,"column":4},"end":{"line":14,"column":24}}},"2":{"name":"(anonymous_4)","decl":{"start":{"line":14,"column":52},"end":{"line":14,"column":53}},"loc":{"start":{"line":14,"column":59},"end":{"line":14,"column":null}}}},"branchMap":{"0":{"loc":{"start":{"line":11,"column":8},"end":{"line":17,"column":null}},"type":"cond-expr","locations":[{"start":{"line":12,"column":2},"end":{"line":17,"column":null}},{"start":{"line":17,"column":5},"end":{"line":17,"column":null}}]},"1":{"loc":{"start":{"line":11,"column":8},"end":{"line":11,"column":null}},"type":"binary-expr","locations":[{"start":{"line":11,"column":8},"end":{"line":11,"column":16}},{"start":{"line":11,"column":16},"end":{"line":11,"column":null}}]}},"s":{"0":3,"1":1,"2":1,"3":1,"4":3,"5":4,"6":1,"7":1},"f":{"0":3,"1":4,"2":1},"b":{"0":[2,1],"1":[3,3]}}
,"/Users/maria/Documents/Programming/interview-assignment/recipe-finder-technical-assignment/components/TagsPanel/index.ts": {"path":"/Users/maria/Documents/Programming/interview-assignment/recipe-finder-technical-assignment/components/TagsPanel/index.ts","statementMap":{"0":{"start":{"line":1,"column":14},"end":{"line":1,"column":null}}},"fnMap":{},"branchMap":{},"s":{"0":0},"f":{},"b":{}}
,"/Users/maria/Documents/Programming/interview-assignment/recipe-finder-technical-assignment/pages/_app.tsx": {"path":"/Users/maria/Documents/Programming/interview-assignment/recipe-finder-technical-assignment/pages/_app.tsx","statementMap":{"0":{"start":{"line":4,"column":24},"end":{"line":4,"column":28}},"1":{"start":{"line":1,"column":7},"end":{"line":1,"column":null}}},"fnMap":{"0":{"name":"App","decl":{"start":{"line":4,"column":24},"end":{"line":4,"column":28}},"loc":{"start":{"line":4,"column":62},"end":{"line":6,"column":null}}}},"branchMap":{},"s":{"0":0,"1":0},"f":{"0":0},"b":{}}
,"/Users/maria/Documents/Programming/interview-assignment/recipe-finder-technical-assignment/pages/_document.tsx": {"path":"/Users/maria/Documents/Programming/interview-assignment/recipe-finder-technical-assignment/pages/_document.tsx","statementMap":{"0":{"start":{"line":3,"column":24},"end":{"line":3,"column":null}},"1":{"start":{"line":1,"column":45},"end":{"line":1,"column":null}}},"fnMap":{"0":{"name":"Document","decl":{"start":{"line":3,"column":24},"end":{"line":3,"column":null}},"loc":{"start":{"line":3,"column":24},"end":{"line":13,"column":null}}}},"branchMap":{},"s":{"0":0,"1":0},"f":{"0":0},"b":{}}
,"/Users/maria/Documents/Programming/interview-assignment/recipe-finder-technical-assignment/pages/index.tsx": {"path":"/Users/maria/Documents/Programming/interview-assignment/recipe-finder-technical-assignment/pages/index.tsx","statementMap":{"0":{"start":{"line":30,"column":24},"end":{"line":30,"column":29}},"1":{"start":{"line":167,"column":13},"end":{"line":167,"column":54}},"2":{"start":{"line":2,"column":27},"end":{"line":2,"column":null}},"3":{"start":{"line":4,"column":25},"end":{"line":4,"column":null}},"4":{"start":{"line":6,"column":27},"end":{"line":6,"column":null}},"5":{"start":{"line":7,"column":22},"end":{"line":7,"column":null}},"6":{"start":{"line":8,"column":22},"end":{"line":8,"column":null}},"7":{"start":{"line":9,"column":23},"end":{"line":9,"column":null}},"8":{"start":{"line":11,"column":62},"end":{"line":11,"column":null}},"9":{"start":{"line":12,"column":54},"end":{"line":12,"column":null}},"10":{"start":{"line":13,"column":85},"end":{"line":13,"column":null}},"11":{"start":{"line":16,"column":34},"end":{"line":16,"column":null}},"12":{"start":{"line":17,"column":25},"end":{"line":17,"column":null}},"13":{"start":{"line":18,"column":26},"end":{"line":18,"column":null}},"14":{"start":{"line":31,"column":26},"end":{"line":31,"column":null}},"15":{"start":{"line":31,"column":40},"end":{"line":31,"column":100}},"16":{"start":{"line":32,"column":29},"end":{"line":32,"column":null}},"17":{"start":{"line":32,"column":43},"end":{"line":32,"column":112}},"18":{"start":{"line":33,"column":17},"end":{"line":33,"column":null}},"19":{"start":{"line":34,"column":34},"end":{"line":34,"column":null}},"20":{"start":{"line":35,"column":40},"end":{"line":35,"column":null}},"21":{"start":{"line":36,"column":26},"end":{"line":36,"column":null}},"22":{"start":{"line":39,"column":40},"end":{"line":39,"column":null}},"23":{"start":{"line":39,"column":99},"end":{"line":39,"column":160}},"24":{"start":{"line":40,"column":46},"end":{"line":40,"column":null}},"25":{"start":{"line":40,"column":108},"end":{"line":40,"column":169}},"26":{"start":{"line":42,"column":24},"end":{"line":48,"column":null}},"27":{"start":{"line":43,"column":4},"end":{"line":47,"column":null}},"28":{"start":{"line":44,"column":6},"end":{"line":44,"column":null}},"29":{"start":{"line":46,"column":6},"end":{"line":46,"column":null}},"30":{"start":{"line":46,"column":30},"end":{"line":46,"column":null}},"31":{"start":{"line":50,"column":39},"end":{"line":67,"column":null}},"32":{"start":{"line":51,"column":4},"end":{"line":51,"column":null}},"33":{"start":{"line":52,"column":19},"end":{"line":52,"column":27}},"34":{"start":{"line":53,"column":18},"end":{"line":53,"column":29}},"35":{"start":{"line":54,"column":20},"end":{"line":54,"column":34}},"36":{"start":{"line":55,"column":4},"end":{"line":55,"column":null}},"37":{"start":{"line":55,"column":30},"end":{"line":55,"column":null}},"38":{"start":{"line":56,"column":4},"end":{"line":56,"column":null}},"39":{"start":{"line":56,"column":27},"end":{"line":56,"column":null}},"40":{"start":{"line":56,"column":41},"end":{"line":56,"column":null}},"41":{"start":{"line":57,"column":23},"end":{"line":57,"column":35}},"42":{"start":{"line":59,"column":4},"end":{"line":65,"column":null}},"43":{"start":{"line":69,"column":35},"end":{"line":85,"column":null}},"44":{"start":{"line":70,"column":4},"end":{"line":70,"column":null}},"45":{"start":{"line":71,"column":19},"end":{"line":71,"column":27}},"46":{"start":{"line":72,"column":18},"end":{"line":72,"column":29}},"47":{"start":{"line":73,"column":20},"end":{"line":73,"column":34}},"48":{"start":{"line":75,"column":4},"end":{"line":75,"column":null}},"49":{"start":{"line":75,"column":27},"end":{"line":75,"column":null}},"50":{"start":{"line":76,"column":4},"end":{"line":76,"column":null}},"51":{"start":{"line":76,"column":24},"end":{"line":76,"column":null}},"52":{"start":{"line":76,"column":38},"end":{"line":76,"column":null}},"53":{"start":{"line":77,"column":23},"end":{"line":77,"column":35}},"54":{"start":{"line":78,"column":4},"end":{"line":84,"column":null}},"55":{"start":{"line":87,"column":27},"end":{"line":98,"column":null}},"56":{"start":{"line":88,"column":4},"end":{"line":88,"column":null}},"57":{"start":{"line":89,"column":4},"end":{"line":89,"column":null}},"58":{"start":{"line":90,"column":4},"end":{"line":90,"column":null}},"59":{"start":{"line":91,"column":4},"end":{"line":91,"column":null}},"60":{"start":{"line":91,"column":24},"end":{"line":91,"column":null}},"61":{"start":{"line":91,"column":39},"end":{"line":91,"column":null}},"62":{"start":{"line":92,"column":4},"end":{"line":92,"column":null}},"63":{"start":{"line":92,"column":27},"end":{"line":92,"column":null}},"64":{"start":{"line":92,"column":42},"end":{"line":92,"column":null}},"65":{"start":{"line":94,"column":4},"end":{"line":97,"column":null}},"66":{"start":{"line":100,"column":25},"end":{"line":123,"column":null}},"67":{"start":{"line":101,"column":4},"end":{"line":101,"column":null}},"68":{"start":{"line":102,"column":22},"end":{"line":102,"column":null}},"69":{"start":{"line":103,"column":29},"end":{"line":103,"column":null}},"70":{"start":{"line":104,"column":32},"end":{"line":104,"column":null}},"71":{"start":{"line":106,"column":4},"end":{"line":114,"column":null}},"72":{"start":{"line":107,"column":6},"end":{"line":107,"column":null}},"73":{"start":{"line":107,"column":51},"end":{"line":107,"column":null}},"74":{"start":{"line":108,"column":6},"end":{"line":108,"column":null}},"75":{"start":{"line":109,"column":6},"end":{"line":109,"column":null}},"76":{"start":{"line":109,"column":26},"end":{"line":109,"column":null}},"77":{"start":{"line":109,"column":40},"end":{"line":109,"column":null}},"78":{"start":{"line":111,"column":6},"end":{"line":111,"column":null}},"79":{"start":{"line":111,"column":57},"end":{"line":111,"column":null}},"80":{"start":{"line":112,"column":6},"end":{"line":112,"column":null}},"81":{"start":{"line":113,"column":6},"end":{"line":113,"column":null}},"82":{"start":{"line":113,"column":29},"end":{"line":113,"column":null}},"83":{"start":{"line":113,"column":43},"end":{"line":113,"column":null}},"84":{"start":{"line":115,"column":23},"end":{"line":115,"column":35}},"85":{"start":{"line":116,"column":4},"end":{"line":122,"column":null}},"86":{"start":{"line":125,"column":23},"end":{"line":136,"column":null}},"87":{"start":{"line":126,"column":4},"end":{"line":126,"column":null}},"88":{"start":{"line":127,"column":24},"end":{"line":127,"column":36}},"89":{"start":{"line":128,"column":4},"end":{"line":134,"column":null}},"90":{"start":{"line":167,"column":54},"end":{"line":217,"column":null}},"91":{"start":{"line":169,"column":47},"end":{"line":169,"column":null}},"92":{"start":{"line":171,"column":24},"end":{"line":171,"column":94}},"93":{"start":{"line":173,"column":32},"end":{"line":173,"column":null}},"94":{"start":{"line":174,"column":35},"end":{"line":174,"column":null}},"95":{"start":{"line":175,"column":41},"end":{"line":175,"column":43}},"96":{"start":{"line":176,"column":43},"end":{"line":176,"column":45}},"97":{"start":{"line":178,"column":38},"end":{"line":178,"column":null}},"98":{"start":{"line":179,"column":2},"end":{"line":204,"column":null}},"99":{"start":{"line":180,"column":4},"end":{"line":180,"column":null}},"100":{"start":{"line":181,"column":4},"end":{"line":181,"column":null}},"101":{"start":{"line":182,"column":4},"end":{"line":182,"column":null}},"102":{"start":{"line":184,"column":4},"end":{"line":184,"column":null}},"103":{"start":{"line":185,"column":4},"end":{"line":197,"column":null}},"104":{"start":{"line":187,"column":28},"end":{"line":187,"column":null}},"105":{"start":{"line":189,"column":6},"end":{"line":193,"column":null}},"106":{"start":{"line":189,"column":94},"end":{"line":192,"column":null}},"107":{"start":{"line":191,"column":10},"end":{"line":192,"column":null}},"108":{"start":{"line":196,"column":6},"end":{"line":196,"column":null}},"109":{"start":{"line":199,"column":4},"end":{"line":199,"column":null}},"110":{"start":{"line":203,"column":4},"end":{"line":203,"column":null}},"111":{"start":{"line":206,"column":2},"end":{"line":216,"column":null}}},"fnMap":{"0":{"name":"Home","decl":{"start":{"line":30,"column":24},"end":{"line":30,"column":29}},"loc":{"start":{"line":30,"column":102},"end":{"line":165,"column":null}}},"1":{"name":"(anonymous_5)","decl":{"start":{"line":31,"column":34},"end":{"line":31,"column":40}},"loc":{"start":{"line":31,"column":40},"end":{"line":31,"column":100}}},"2":{"name":"(anonymous_6)","decl":{"start":{"line":32,"column":37},"end":{"line":32,"column":43}},"loc":{"start":{"line":32,"column":43},"end":{"line":32,"column":112}}},"3":{"name":"(anonymous_7)","decl":{"start":{"line":39,"column":76},"end":{"line":39,"column":77}},"loc":{"start":{"line":39,"column":99},"end":{"line":39,"column":160}}},"4":{"name":"(anonymous_8)","decl":{"start":{"line":40,"column":85},"end":{"line":40,"column":86}},"loc":{"start":{"line":40,"column":108},"end":{"line":40,"column":169}}},"5":{"name":"(anonymous_9)","decl":{"start":{"line":42,"column":24},"end":{"line":42,"column":25}},"loc":{"start":{"line":42,"column":59},"end":{"line":48,"column":null}}},"6":{"name":"(anonymous_10)","decl":{"start":{"line":46,"column":25},"end":{"line":46,"column":30}},"loc":{"start":{"line":46,"column":30},"end":{"line":46,"column":null}}},"7":{"name":"(anonymous_11)","decl":{"start":{"line":50,"column":39},"end":{"line":50,"column":40}},"loc":{"start":{"line":50,"column":40},"end":{"line":67,"column":null}}},"8":{"name":"(anonymous_12)","decl":{"start":{"line":55,"column":22},"end":{"line":55,"column":30}},"loc":{"start":{"line":55,"column":30},"end":{"line":55,"column":null}}},"9":{"name":"(anonymous_13)","decl":{"start":{"line":56,"column":19},"end":{"line":56,"column":27}},"loc":{"start":{"line":56,"column":27},"end":{"line":56,"column":null}}},"10":{"name":"(anonymous_14)","decl":{"start":{"line":56,"column":36},"end":{"line":56,"column":41}},"loc":{"start":{"line":56,"column":41},"end":{"line":56,"column":null}}},"11":{"name":"(anonymous_15)","decl":{"start":{"line":69,"column":35},"end":{"line":69,"column":36}},"loc":{"start":{"line":69,"column":36},"end":{"line":85,"column":null}}},"12":{"name":"(anonymous_16)","decl":{"start":{"line":75,"column":19},"end":{"line":75,"column":27}},"loc":{"start":{"line":75,"column":27},"end":{"line":75,"column":null}}},"13":{"name":"(anonymous_17)","decl":{"start":{"line":76,"column":16},"end":{"line":76,"column":24}},"loc":{"start":{"line":76,"column":24},"end":{"line":76,"column":null}}},"14":{"name":"(anonymous_18)","decl":{"start":{"line":76,"column":33},"end":{"line":76,"column":38}},"loc":{"start":{"line":76,"column":38},"end":{"line":76,"column":null}}},"15":{"name":"(anonymous_19)","decl":{"start":{"line":87,"column":27},"end":{"line":87,"column":28}},"loc":{"start":{"line":87,"column":28},"end":{"line":98,"column":null}}},"16":{"name":"(anonymous_20)","decl":{"start":{"line":91,"column":16},"end":{"line":91,"column":24}},"loc":{"start":{"line":91,"column":24},"end":{"line":91,"column":null}}},"17":{"name":"(anonymous_21)","decl":{"start":{"line":91,"column":33},"end":{"line":91,"column":39}},"loc":{"start":{"line":91,"column":39},"end":{"line":91,"column":null}}},"18":{"name":"(anonymous_22)","decl":{"start":{"line":92,"column":19},"end":{"line":92,"column":27}},"loc":{"start":{"line":92,"column":27},"end":{"line":92,"column":null}}},"19":{"name":"(anonymous_23)","decl":{"start":{"line":92,"column":36},"end":{"line":92,"column":42}},"loc":{"start":{"line":92,"column":42},"end":{"line":92,"column":null}}},"20":{"name":"(anonymous_24)","decl":{"start":{"line":100,"column":25},"end":{"line":100,"column":26}},"loc":{"start":{"line":100,"column":66},"end":{"line":123,"column":null}}},"21":{"name":"(anonymous_25)","decl":{"start":{"line":107,"column":46},"end":{"line":107,"column":51}},"loc":{"start":{"line":107,"column":51},"end":{"line":107,"column":null}}},"22":{"name":"(anonymous_26)","decl":{"start":{"line":109,"column":18},"end":{"line":109,"column":26}},"loc":{"start":{"line":109,"column":26},"end":{"line":109,"column":null}}},"23":{"name":"(anonymous_27)","decl":{"start":{"line":109,"column":35},"end":{"line":109,"column":40}},"loc":{"start":{"line":109,"column":40},"end":{"line":109,"column":null}}},"24":{"name":"(anonymous_28)","decl":{"start":{"line":111,"column":52},"end":{"line":111,"column":57}},"loc":{"start":{"line":111,"column":57},"end":{"line":111,"column":null}}},"25":{"name":"(anonymous_29)","decl":{"start":{"line":113,"column":21},"end":{"line":113,"column":29}},"loc":{"start":{"line":113,"column":29},"end":{"line":113,"column":null}}},"26":{"name":"(anonymous_30)","decl":{"start":{"line":113,"column":38},"end":{"line":113,"column":43}},"loc":{"start":{"line":113,"column":43},"end":{"line":113,"column":null}}},"27":{"name":"(anonymous_31)","decl":{"start":{"line":125,"column":23},"end":{"line":125,"column":24}},"loc":{"start":{"line":125,"column":76},"end":{"line":136,"column":null}}},"28":{"name":"(anonymous_32)","decl":{"start":{"line":167,"column":54},"end":{"line":167,"column":61}},"loc":{"start":{"line":167,"column":61},"end":{"line":217,"column":null}}},"29":{"name":"(anonymous_33)","decl":{"start":{"line":189,"column":86},"end":{"line":189,"column":94}},"loc":{"start":{"line":189,"column":94},"end":{"line":192,"column":null}}},"30":{"name":"(anonymous_34)","decl":{"start":{"line":190,"column":27},"end":{"line":190,"column":28}},"loc":{"start":{"line":191,"column":10},"end":{"line":192,"column":null}}}},"branchMap":{"0":{"loc":{"start":{"line":39,"column":59},"end":{"line":39,"column":169}},"type":"binary-expr","locations":[{"start":{"line":39,"column":59},"end":{"line":39,"column":167}},{"start":{"line":39,"column":167},"end":{"line":39,"column":169}}]},"1":{"loc":{"start":{"line":39,"column":99},"end":{"line":39,"column":160}},"type":"cond-expr","locations":[{"start":{"line":39,"column":134},"end":{"line":39,"column":154}},{"start":{"line":39,"column":154},"end":{"line":39,"column":160}}]},"2":{"loc":{"start":{"line":40,"column":65},"end":{"line":40,"column":178}},"type":"binary-expr","locations":[{"start":{"line":40,"column":65},"end":{"line":40,"column":176}},{"start":{"line":40,"column":176},"end":{"line":40,"column":178}}]},"3":{"loc":{"start":{"line":40,"column":108},"end":{"line":40,"column":169}},"type":"cond-expr","locations":[{"start":{"line":40,"column":143},"end":{"line":40,"column":163}},{"start":{"line":40,"column":163},"end":{"line":40,"column":169}}]},"4":{"loc":{"start":{"line":43,"column":4},"end":{"line":47,"column":null}},"type":"if","locations":[{"start":{"line":43,"column":4},"end":{"line":47,"column":null}},{"start":{"line":45,"column":11},"end":{"line":47,"column":null}}]},"5":{"loc":{"start":{"line":56,"column":41},"end":{"line":56,"column":null}},"type":"cond-expr","locations":[{"start":{"line":56,"column":61},"end":{"line":56,"column":81}},{"start":{"line":56,"column":81},"end":{"line":56,"column":null}}]},"6":{"loc":{"start":{"line":76,"column":38},"end":{"line":76,"column":null}},"type":"cond-expr","locations":[{"start":{"line":76,"column":58},"end":{"line":76,"column":78}},{"start":{"line":76,"column":78},"end":{"line":76,"column":null}}]},"7":{"loc":{"start":{"line":106,"column":4},"end":{"line":114,"column":null}},"type":"if","locations":[{"start":{"line":106,"column":4},"end":{"line":114,"column":null}},{"start":{"line":110,"column":11},"end":{"line":114,"column":null}}]},"8":{"loc":{"start":{"line":109,"column":40},"end":{"line":109,"column":null}},"type":"cond-expr","locations":[{"start":{"line":109,"column":58},"end":{"line":109,"column":85}},{"start":{"line":109,"column":85},"end":{"line":109,"column":null}}]},"9":{"loc":{"start":{"line":113,"column":43},"end":{"line":113,"column":null}},"type":"cond-expr","locations":[{"start":{"line":113,"column":61},"end":{"line":113,"column":88}},{"start":{"line":113,"column":88},"end":{"line":113,"column":null}}]},"10":{"loc":{"start":{"line":153,"column":41},"end":{"line":153,"column":null}},"type":"cond-expr","locations":[{"start":{"line":153,"column":41},"end":{"line":153,"column":null}}]},"11":{"loc":{"start":{"line":171,"column":24},"end":{"line":171,"column":94}},"type":"cond-expr","locations":[{"start":{"line":171,"column":35},"end":{"line":171,"column":88}},{"start":{"line":171,"column":92},"end":{"line":171,"column":94}}]},"12":{"loc":{"start":{"line":171,"column":35},"end":{"line":171,"column":88}},"type":"cond-expr","locations":[{"start":{"line":171,"column":65},"end":{"line":171,"column":86}},{"start":{"line":171,"column":86},"end":{"line":171,"column":88}}]},"13":{"loc":{"start":{"line":185,"column":4},"end":{"line":197,"column":null}},"type":"if","locations":[{"start":{"line":185,"column":4},"end":{"line":197,"column":null}},{"start":{"line":195,"column":11},"end":{"line":197,"column":null}}]},"14":{"loc":{"start":{"line":185,"column":8},"end":{"line":185,"column":37}},"type":"binary-expr","locations":[{"start":{"line":185,"column":8},"end":{"line":185,"column":18}},{"start":{"line":185,"column":18},"end":{"line":185,"column":37}}]},"15":{"loc":{"start":{"line":189,"column":26},"end":{"line":193,"column":null}},"type":"cond-expr","locations":[{"start":{"line":189,"column":59},"end":{"line":192,"column":null}},{"start":{"line":193,"column":10},"end":{"line":193,"column":null}}]},"16":{"loc":{"start":{"line":189,"column":94},"end":{"line":192,"column":null}},"type":"binary-expr","locations":[{"start":{"line":189,"column":94},"end":{"line":189,"column":null}},{"start":{"line":190,"column":8},"end":{"line":192,"column":null}}]},"17":{"loc":{"start":{"line":191,"column":10},"end":{"line":192,"column":null}},"type":"binary-expr","locations":[{"start":{"line":191,"column":10},"end":{"line":191,"column":19}},{"start":{"line":191,"column":19},"end":{"line":191,"column":null}},{"start":{"line":192,"column":11},"end":{"line":192,"column":23}},{"start":{"line":192,"column":23},"end":{"line":192,"column":62}},{"start":{"line":192,"column":62},"end":{"line":192,"column":71}},{"start":{"line":192,"column":71},"end":{"line":192,"column":null}}]},"18":{"loc":{"start":{"line":196,"column":26},"end":{"line":196,"column":null}},"type":"cond-expr","locations":[{"start":{"line":196,"column":59},"end":{"line":196,"column":81}},{"start":{"line":196,"column":81},"end":{"line":196,"column":null}}]},"19":{"loc":{"start":{"line":199,"column":54},"end":{"line":199,"column":null}},"type":"cond-expr","locations":[{"start":{"line":199,"column":61},"end":{"line":199,"column":80}},{"start":{"line":199,"column":80},"end":{"line":199,"column":null}}]},"20":{"loc":{"start":{"line":211,"column":19},"end":{"line":211,"column":47}},"type":"binary-expr","locations":[{"start":{"line":211,"column":19},"end":{"line":211,"column":41}},{"start":{"line":211,"column":45},"end":{"line":211,"column":47}}]},"21":{"loc":{"start":{"line":213,"column":19},"end":{"line":213,"column":null}},"type":"cond-expr","locations":[{"start":{"line":213,"column":26},"end":{"line":213,"column":41}},{"start":{"line":213,"column":41},"end":{"line":213,"column":null}}]},"22":{"loc":{"start":{"line":214,"column":22},"end":{"line":214,"column":41}},"type":"binary-expr","locations":[{"start":{"line":214,"column":22},"end":{"line":214,"column":39}},{"start":{"line":214,"column":39},"end":{"line":214,"column":41}}]}},"s":{"0":0,"1":0,"2":0,"3":0,"4":0,"5":0,"6":0,"7":0,"8":0,"9":0,"10":0,"11":0,"12":0,"13":0,"14":0,"15":0,"16":0,"17":0,"18":0,"19":0,"20":0,"21":0,"22":0,"23":0,"24":0,"25":0,"26":0,"27":0,"28":0,"29":0,"30":0,"31":0,"32":0,"33":0,"34":0,"35":0,"36":0,"37":0,"38":0,"39":0,"40":0,"41":0,"42":0,"43":0,"44":0,"45":0,"46":0,"47":0,"48":0,"49":0,"50":0,"51":0,"52":0,"53":0,"54":0,"55":0,"56":0,"57":0,"58":0,"59":0,"60":0,"61":0,"62":0,"63":0,"64":0,"65":0,"66":0,"67":0,"68":0,"69":0,"70":0,"71":0,"72":0,"73":0,"74":0,"75":0,"76":0,"77":0,"78":0,"79":0,"80":0,"81":0,"82":0,"83":0,"84":0,"85":0,"86":0,"87":0,"88":0,"89":0,"90":0,"91":0,"92":0,"93":0,"94":0,"95":0,"96":0,"97":0,"98":0,"99":0,"100":0,"101":0,"102":0,"103":0,"104":0,"105":0,"106":0,"107":0,"108":0,"109":0,"110":0,"111":0},"f":{"0":0,"1":0,"2":0,"3":0,"4":0,"5":0,"6":0,"7":0,"8":0,"9":0,"10":0,"11":0,"12":0,"13":0,"14":0,"15":0,"16":0,"17":0,"18":0,"19":0,"20":0,"21":0,"22":0,"23":0,"24":0,"25":0,"26":0,"27":0,"28":0,"29":0,"30":0},"b":{"0":[0,0],"1":[0,0],"2":[0,0],"3":[0,0],"4":[0,0],"5":[0,0],"6":[0,0],"7":[0,0],"8":[0,0],"9":[0,0],"10":[0],"11":[0,0],"12":[0,0],"13":[0,0],"14":[0,0],"15":[0,0],"16":[0,0],"17":[0,0,0,0,0,0],"18":[0,0],"19":[0,0],"20":[0,0],"21":[0,0],"22":[0,0]}}
,"/Users/maria/Documents/Programming/interview-assignment/recipe-finder-technical-assignment/pages/api/apply-filters.ts": {"path":"/Users/maria/Documents/Programming/interview-assignment/recipe-finder-technical-assignment/pages/api/apply-filters.ts","statementMap":{"0":{"start":{"line":3,"column":24},"end":{"line":3,"column":null}},"1":{"start":{"line":7,"column":20},"end":{"line":7,"column":null}},"2":{"start":{"line":7,"column":56},"end":{"line":7,"column":null}},"3":{"start":{"line":8,"column":19},"end":{"line":8,"column":null}},"4":{"start":{"line":10,"column":24},"end":{"line":10,"column":null}},"5":{"start":{"line":11,"column":43},"end":{"line":11,"column":null}},"6":{"start":{"line":12,"column":4},"end":{"line":12,"column":null}},"7":{"start":{"line":12,"column":24},"end":{"line":12,"column":null}},"8":{"start":{"line":13,"column":4},"end":{"line":13,"column":null}},"9":{"start":{"line":13,"column":16},"end":{"line":13,"column":null}},"10":{"start":{"line":14,"column":22},"end":{"line":14,"column":null}},"11":{"start":{"line":15,"column":4},"end":{"line":15,"column":null}}},"fnMap":{"0":{"name":"handler","decl":{"start":{"line":3,"column":24},"end":{"line":3,"column":null}},"loc":{"start":{"line":5,"column":22},"end":{"line":16,"column":null}}},"1":{"name":"(anonymous_2)","decl":{"start":{"line":7,"column":49},"end":{"line":7,"column":56}},"loc":{"start":{"line":7,"column":56},"end":{"line":7,"column":null}}}},"branchMap":{"0":{"loc":{"start":{"line":8,"column":19},"end":{"line":8,"column":null}},"type":"cond-expr","locations":[{"start":{"line":8,"column":41},"end":{"line":8,"column":99}},{"start":{"line":8,"column":99},"end":{"line":8,"column":null}}]},"1":{"loc":{"start":{"line":10,"column":32},"end":{"line":10,"column":null}},"type":"binary-expr","locations":[{"start":{"line":10,"column":32},"end":{"line":10,"column":51}},{"start":{"line":10,"column":55},"end":{"line":10,"column":null}}]},"2":{"loc":{"start":{"line":12,"column":4},"end":{"line":12,"column":null}},"type":"if","locations":[{"start":{"line":12,"column":4},"end":{"line":12,"column":null}},{"start":{},"end":{}}]},"3":{"loc":{"start":{"line":13,"column":4},"end":{"line":13,"column":null}},"type":"if","locations":[{"start":{"line":13,"column":4},"end":{"line":13,"column":null}},{"start":{},"end":{}}]}},"s":{"0":0,"1":0,"2":0,"3":0,"4":0,"5":0,"6":0,"7":0,"8":0,"9":0,"10":0,"11":0},"f":{"0":0,"1":0},"b":{"0":[0,0],"1":[0,0],"2":[0,0],"3":[0,0]}}
,"/Users/maria/Documents/Programming/interview-assignment/recipe-finder-technical-assignment/pages/api/hello.ts": {"path":"/Users/maria/Documents/Programming/interview-assignment/recipe-finder-technical-assignment/pages/api/hello.ts","statementMap":{"0":{"start":{"line":8,"column":24},"end":{"line":8,"column":null}},"1":{"start":{"line":12,"column":2},"end":{"line":12,"column":null}}},"fnMap":{"0":{"name":"handler","decl":{"start":{"line":8,"column":24},"end":{"line":8,"column":null}},"loc":{"start":{"line":10,"column":28},"end":{"line":13,"column":null}}}},"branchMap":{},"s":{"0":0,"1":0},"f":{"0":0},"b":{}}
,"/Users/maria/Documents/Programming/interview-assignment/recipe-finder-technical-assignment/pages/api/pagination.ts": {"path":"/Users/maria/Documents/Programming/interview-assignment/recipe-finder-technical-assignment/pages/api/pagination.ts","statementMap":{"0":{"start":{"line":4,"column":24},"end":{"line":4,"column":null}},"1":{"start":{"line":12,"column":4},"end":{"line":12,"column":null}},"2":{"start":{"line":13,"column":29},"end":{"line":13,"column":null}},"3":{"start":{"line":14,"column":15},"end":{"line":14,"column":null}},"4":{"start":{"line":15,"column":17},"end":{"line":15,"column":null}},"5":{"start":{"line":17,"column":19},"end":{"line":17,"column":null}},"6":{"start":{"line":18,"column":20},"end":{"line":18,"column":null}},"7":{"start":{"line":19,"column":20},"end":{"line":19,"column":null}},"8":{"start":{"line":20,"column":15},"end":{"line":20,"column":null}},"9":{"start":{"line":22,"column":1},"end":{"line":28,"column":null}},"10":{"start":{"line":23,"column":2},"end":{"line":23,"column":null}},"11":{"start":{"line":24,"column":8},"end":{"line":28,"column":null}},"12":{"start":{"line":25,"column":2},"end":{"line":25,"column":null}},"13":{"start":{"line":27,"column":2},"end":{"line":27,"column":null}},"14":{"start":{"line":31,"column":1},"end":{"line":31,"column":null}}},"fnMap":{"0":{"name":"handler","decl":{"start":{"line":4,"column":24},"end":{"line":4,"column":null}},"loc":{"start":{"line":6,"column":22},"end":{"line":33,"column":null}}}},"branchMap":{"0":{"loc":{"start":{"line":14,"column":15},"end":{"line":14,"column":null}},"type":"cond-expr","locations":[{"start":{"line":14,"column":25},"end":{"line":14,"column":48}},{"start":{"line":14,"column":51},"end":{"line":14,"column":null}}]},"1":{"loc":{"start":{"line":17,"column":19},"end":{"line":17,"column":null}},"type":"cond-expr","locations":[{"start":{"line":17,"column":29},"end":{"line":17,"column":48}},{"start":{"line":17,"column":48},"end":{"line":17,"column":null}}]},"2":{"loc":{"start":{"line":18,"column":20},"end":{"line":18,"column":null}},"type":"cond-expr","locations":[{"start":{"line":18,"column":27},"end":{"line":18,"column":58}},{"start":{"line":18,"column":58},"end":{"line":18,"column":null}}]},"3":{"loc":{"start":{"line":19,"column":20},"end":{"line":19,"column":null}},"type":"cond-expr","locations":[{"start":{"line":19,"column":31},"end":{"line":19,"column":66}},{"start":{"line":19,"column":66},"end":{"line":19,"column":null}}]},"4":{"loc":{"start":{"line":22,"column":1},"end":{"line":28,"column":null}},"type":"if","locations":[{"start":{"line":22,"column":1},"end":{"line":28,"column":null}},{"start":{"line":24,"column":8},"end":{"line":28,"column":null}}]},"5":{"loc":{"start":{"line":22,"column":4},"end":{"line":22,"column":47}},"type":"binary-expr","locations":[{"start":{"line":22,"column":4},"end":{"line":22,"column":29}},{"start":{"line":22,"column":29},"end":{"line":22,"column":47}}]},"6":{"loc":{"start":{"line":24,"column":8},"end":{"line":28,"column":null}},"type":"if","locations":[{"start":{"line":24,"column":8},"end":{"line":28,"column":null}},{"start":{"line":26,"column":8},"end":{"line":28,"column":null}}]}},"s":{"0":0,"1":0,"2":0,"3":0,"4":0,"5":0,"6":0,"7":0,"8":0,"9":0,"10":0,"11":0,"12":0,"13":0,"14":0},"f":{"0":0},"b":{"0":[0,0],"1":[0,0],"2":[0,0],"3":[0,0],"4":[0,0],"5":[0,0],"6":[0,0]}}
,"/Users/maria/Documents/Programming/interview-assignment/recipe-finder-technical-assignment/pages/api/remove-filters.ts": {"path":"/Users/maria/Documents/Programming/interview-assignment/recipe-finder-technical-assignment/pages/api/remove-filters.ts","statementMap":{"0":{"start":{"line":4,"column":24},"end":{"line":4,"column":null}},"1":{"start":{"line":1,"column":27},"end":{"line":1,"column":null}},"2":{"start":{"line":8,"column":4},"end":{"line":8,"column":null}},"3":{"start":{"line":9,"column":25},"end":{"line":9,"column":73}},"4":{"start":{"line":10,"column":22},"end":{"line":10,"column":null}},"5":{"start":{"line":12,"column":20},"end":{"line":12,"column":65}},"6":{"start":{"line":13,"column":27},"end":{"line":13,"column":null}},"7":{"start":{"line":14,"column":4},"end":{"line":18,"column":null}},"8":{"start":{"line":15,"column":8},"end":{"line":15,"column":null}},"9":{"start":{"line":17,"column":8},"end":{"line":17,"column":null}},"10":{"start":{"line":20,"column":24},"end":{"line":20,"column":null}},"11":{"start":{"line":21,"column":4},"end":{"line":21,"column":null}}},"fnMap":{"0":{"name":"handler","decl":{"start":{"line":4,"column":24},"end":{"line":4,"column":null}},"loc":{"start":{"line":6,"column":22},"end":{"line":22,"column":null}}}},"branchMap":{"0":{"loc":{"start":{"line":9,"column":33},"end":{"line":9,"column":61}},"type":"binary-expr","locations":[{"start":{"line":9,"column":33},"end":{"line":9,"column":52}},{"start":{"line":9,"column":56},"end":{"line":9,"column":61}}]},"1":{"loc":{"start":{"line":12,"column":20},"end":{"line":12,"column":65}},"type":"binary-expr","locations":[{"start":{"line":12,"column":20},"end":{"line":12,"column":63}},{"start":{"line":12,"column":63},"end":{"line":12,"column":65}}]},"2":{"loc":{"start":{"line":14,"column":4},"end":{"line":18,"column":null}},"type":"if","locations":[{"start":{"line":14,"column":4},"end":{"line":18,"column":null}},{"start":{"line":16,"column":11},"end":{"line":18,"column":null}}]},"3":{"loc":{"start":{"line":20,"column":32},"end":{"line":20,"column":null}},"type":"binary-expr","locations":[{"start":{"line":20,"column":32},"end":{"line":20,"column":51}},{"start":{"line":20,"column":55},"end":{"line":20,"column":null}}]}},"s":{"0":0,"1":0,"2":0,"3":0,"4":0,"5":0,"6":0,"7":0,"8":0,"9":0,"10":0,"11":0},"f":{"0":0},"b":{"0":[0,0],"1":[0,0],"2":[0,0],"3":[0,0]}}
,"/Users/maria/Documents/Programming/interview-assignment/recipe-finder-technical-assignment/pages/api/search.ts": {"path":"/Users/maria/Documents/Programming/interview-assignment/recipe-finder-technical-assignment/pages/api/search.ts","statementMap":{"0":{"start":{"line":3,"column":24},"end":{"line":3,"column":null}},"1":{"start":{"line":10,"column":8},"end":{"line":10,"column":null}},"2":{"start":{"line":12,"column":25},"end":{"line":12,"column":61}},"3":{"start":{"line":13,"column":4},"end":{"line":13,"column":null}},"4":{"start":{"line":15,"column":4},"end":{"line":15,"column":null}}},"fnMap":{"0":{"name":"handler","decl":{"start":{"line":3,"column":24},"end":{"line":3,"column":null}},"loc":{"start":{"line":5,"column":22},"end":{"line":17,"column":null}}}},"branchMap":{"0":{"loc":{"start":{"line":12,"column":33},"end":{"line":12,"column":49}},"type":"binary-expr","locations":[{"start":{"line":12,"column":33},"end":{"line":12,"column":44}},{"start":{"line":12,"column":44},"end":{"line":12,"column":49}}]},"1":{"loc":{"start":{"line":15,"column":28},"end":{"line":15,"column":44}},"type":"binary-expr","locations":[{"start":{"line":15,"column":28},"end":{"line":15,"column":39}},{"start":{"line":15,"column":39},"end":{"line":15,"column":44}}]}},"s":{"0":0,"1":0,"2":0,"3":0,"4":0},"f":{"0":0},"b":{"0":[0,0],"1":[0,0]}}
,"/Users/maria/Documents/Programming/interview-assignment/recipe-finder-technical-assignment/pages/meals/[id].tsx": {"path":"/Users/maria/Documents/Programming/interview-assignment/recipe-finder-technical-assignment/pages/meals/[id].tsx","statementMap":{"0":{"start":{"line":57,"column":0},"end":{"line":57,"column":15}},"1":{"start":{"line":59,"column":13},"end":{"line":59,"column":54}},"2":{"start":{"line":2,"column":30},"end":{"line":2,"column":null}},"3":{"start":{"line":5,"column":18},"end":{"line":5,"column":null}},"4":{"start":{"line":6,"column":17},"end":{"line":6,"column":null}},"5":{"start":{"line":7,"column":24},"end":{"line":7,"column":null}},"6":{"start":{"line":13,"column":13},"end":{"line":55,"column":null}},"7":{"start":{"line":14,"column":22},"end":{"line":14,"column":null}},"8":{"start":{"line":37,"column":6},"end":{"line":37,"column":23}},"9":{"start":{"line":57,"column":15},"end":{"line":57,"column":null}},"10":{"start":{"line":59,"column":54},"end":{"line":95,"column":null}},"11":{"start":{"line":60,"column":12},"end":{"line":60,"column":null}},"12":{"start":{"line":61,"column":26},"end":{"line":61,"column":null}},"13":{"start":{"line":63,"column":1},"end":{"line":89,"column":null}},"14":{"start":{"line":64,"column":14},"end":{"line":64,"column":null}},"15":{"start":{"line":65,"column":2},"end":{"line":86,"column":null}},"16":{"start":{"line":66,"column":16},"end":{"line":66,"column":28}},"17":{"start":{"line":67,"column":29},"end":{"line":67,"column":31}},"18":{"start":{"line":68,"column":3},"end":{"line":74,"column":null}},"19":{"start":{"line":68,"column":16},"end":{"line":68,"column":19}},"20":{"start":{"line":69,"column":23},"end":{"line":69,"column":48}},"21":{"start":{"line":70,"column":20},"end":{"line":70,"column":42}},"22":{"start":{"line":71,"column":4},"end":{"line":73,"column":null}},"23":{"start":{"line":72,"column":5},"end":{"line":72,"column":null}},"24":{"start":{"line":76,"column":3},"end":{"line":85,"column":null}},"25":{"start":{"line":88,"column":2},"end":{"line":88,"column":null}},"26":{"start":{"line":90,"column":1},"end":{"line":94,"column":null}}},"fnMap":{"0":{"name":"(anonymous_4)","decl":{"start":{"line":13,"column":13},"end":{"line":13,"column":14}},"loc":{"start":{"line":13,"column":33},"end":{"line":55,"column":null}}},"1":{"name":"(anonymous_5)","decl":{"start":{"line":36,"column":37},"end":{"line":36,"column":38}},"loc":{"start":{"line":37,"column":6},"end":{"line":37,"column":23}}},"2":{"name":"(anonymous_6)","decl":{"start":{"line":59,"column":54},"end":{"line":59,"column":61}},"loc":{"start":{"line":59,"column":61},"end":{"line":95,"column":null}}}},"branchMap":{"0":{"loc":{"start":{"line":48,"column":5},"end":{"line":50,"column":6}},"type":"cond-expr","locations":[{"start":{"line":48,"column":5},"end":{"line":50,"column":6}}]},"1":{"loc":{"start":{"line":60,"column":12},"end":{"line":60,"column":null}},"type":"cond-expr","locations":[{"start":{"line":60,"column":70},"end":{"line":60,"column":87}},{"start":{"line":60,"column":90},"end":{"line":60,"column":null}}]},"2":{"loc":{"start":{"line":60,"column":12},"end":{"line":60,"column":70}},"type":"binary-expr","locations":[{"start":{"line":60,"column":12},"end":{"line":60,"column":26}},{"start":{"line":60,"column":30},"end":{"line":60,"column":70}}]},"3":{"loc":{"start":{"line":65,"column":2},"end":{"line":86,"column":null}},"type":"if","locations":[{"start":{"line":65,"column":2},"end":{"line":86,"column":null}},{"start":{},"end":{}}]},"4":{"loc":{"start":{"line":65,"column":6},"end":{"line":65,"column":48}},"type":"binary-expr","locations":[{"start":{"line":65,"column":6},"end":{"line":65,"column":13}},{"start":{"line":65,"column":13},"end":{"line":65,"column":22}},{"start":{"line":65,"column":26},"end":{"line":65,"column":48}}]},"5":{"loc":{"start":{"line":71,"column":4},"end":{"line":73,"column":null}},"type":"if","locations":[{"start":{"line":71,"column":4},"end":{"line":73,"column":null}},{"start":{},"end":{}}]},"6":{"loc":{"start":{"line":71,"column":8},"end":{"line":71,"column":48}},"type":"binary-expr","locations":[{"start":{"line":71,"column":8},"end":{"line":71,"column":22}},{"start":{"line":71,"column":22},"end":{"line":71,"column":48}}]}},"s":{"0":0,"1":0,"2":0,"3":0,"4":0,"5":0,"6":0,"7":0,"8":0,"9":0,"10":0,"11":0,"12":0,"13":0,"14":0,"15":0,"16":0,"17":0,"18":0,"19":0,"20":0,"21":0,"22":0,"23":0,"24":0,"25":0,"26":0},"f":{"0":0,"1":0,"2":0},"b":{"0":[0],"1":[0,0],"2":[0,0],"3":[0,0],"4":[0,0,0],"5":[0,0],"6":[0,0]}}
}
