TN:
SF:components/Button/Button.tsx
FN:8,(anonymous_1)
FNF:1
FNH:1
FNDA:10,(anonymous_1)
DA:8,2
DA:17,10
LF:2
LH:2
BRF:0
BRH:0
end_of_record
TN:
SF:components/Button/index.ts
FNF:0
FNH:0
DA:1,0
LF:1
LH:0
BRF:0
BRH:0
end_of_record
TN:
SF:components/EmptyResults/EmptyResults.tsx
FN:1,(anonymous_1)
FNF:1
FNH:1
FNDA:1,(anonymous_1)
DA:1,1
DA:10,1
LF:2
LH:2
BRF:0
BRH:0
end_of_record
TN:
SF:components/EmptyResults/index.ts
FNF:0
FNH:0
DA:1,0
LF:1
LH:0
BRF:0
BRH:0
end_of_record
TN:
SF:components/Filter/Filter.tsx
FN:7,(anonymous_1)
FNF:1
FNH:1
FNDA:3,(anonymous_1)
DA:7,2
DA:19,3
LF:2
LH:2
BRF:0
BRH:0
end_of_record
TN:
SF:components/Filter/index.ts
FNF:0
FNH:0
DA:1,0
LF:1
LH:0
BRF:0
BRH:0
end_of_record
TN:
SF:components/FilterPanel/FilterPanel.tsx
FN:15,FilterPanel
FN:22,(anonymous_3)
FNF:2
FNH:1
FNDA:1,FilterPanel
FNDA:0,(anonymous_3)
DA:3,1
DA:4,1
DA:5,1
DA:15,1
DA:16,1
DA:23,0
LF:6
LH:5
BRDA:16,0,0,0
BRDA:16,0,1,1
BRF:2
BRH:1
end_of_record
TN:
SF:components/FilterPanel/index.ts
FNF:0
FNH:0
DA:1,0
LF:1
LH:0
BRF:0
BRH:0
end_of_record
TN:
SF:components/FiltersSection/FiltersSections.tsx
FN:16,(anonymous_2)
FN:27,(anonymous_3)
FNF:2
FNH:0
FNDA:0,(anonymous_2)
FNDA:0,(anonymous_3)
DA:1,0
DA:2,0
DA:3,0
DA:16,0
DA:25,0
DA:27,0
DA:28,0
DA:52,0
LF:8
LH:0
BRDA:28,0,0,0
BRDA:28,0,1,0
BRDA:43,1,0,0
BRF:3
BRH:0
end_of_record
TN:
SF:components/FiltersSection/index.ts
FNF:0
FNH:0
DA:1,0
LF:1
LH:0
BRF:0
BRH:0
end_of_record
TN:
SF:components/MealCard/MealCard.tsx
FN:5,MealCard
FNF:1
FNH:1
FNDA:8,MealCard
DA:2,2
DA:3,2
DA:5,8
LF:3
LH:3
BRDA:11,0,0,8
BRF:1
BRH:1
end_of_record
TN:
SF:components/MealCard/index.tsx
FNF:0
FNH:0
DA:1,0
LF:1
LH:0
BRF:0
BRH:0
end_of_record
TN:
SF:components/MealCardGrid/MealCardGrid.tsx
FN:8,(anonymous_2)
FN:13,(anonymous_3)
FNF:2
FNH:2
FNDA:3,(anonymous_2)
FNDA:4,(anonymous_3)
DA:2,1
DA:8,1
DA:14,4
DA:22,3
LF:4
LH:4
BRF:0
BRH:0
end_of_record
TN:
SF:components/MealCardGrid/index.ts
FNF:0
FNH:0
DA:1,0
LF:1
LH:0
BRF:0
BRH:0
end_of_record
TN:
SF:components/Pagination/Pagination.tsx
FN:8,(anonymous_1)
FN:34,(anonymous_2)
FN:34,(anonymous_3)
FNF:3
FNH:3
FNDA:6,(anonymous_1)
FNDA:21,(anonymous_2)
FNDA:21,(anonymous_3)
DA:1,1
DA:8,6
DA:9,6
DA:10,6
DA:12,6
DA:34,21
DA:35,21
LF:7
LH:7
BRDA:9,0,0,6
BRDA:9,0,1,5
BRDA:30,1,0,6
BRDA:30,1,1,2
BRDA:36,2,0,5
BRDA:36,2,1,16
BRDA:42,3,0,6
BRDA:42,3,1,1
BRF:8
BRH:8
end_of_record
TN:
SF:components/Pagination/index.ts
FNF:0
FNH:0
DA:1,0
LF:1
LH:0
BRF:0
BRH:0
end_of_record
TN:
SF:components/SearchBar/SearchBar.tsx
FN:9,SearchBar
FN:18,(anonymous_3)
FN:20,(anonymous_4)
FNF:3
FNH:3
FNDA:6,SearchBar
FNDA:2,(anonymous_3)
FNDA:1,(anonymous_4)
DA:1,1
DA:2,1
DA:3,1
DA:9,4
DA:10,6
DA:11,6
DA:18,2
DA:20,1
LF:8
LH:8
BRDA:11,0,0,6
BRDA:11,0,1,2
BRF:2
BRH:2
end_of_record
TN:
SF:components/SearchBar/index.ts
FNF:0
FNH:0
DA:1,0
LF:1
LH:0
BRF:0
BRH:0
end_of_record
TN:
SF:components/Tag/Tag.tsx
FN:6,(anonymous_1)
FNF:1
FNH:1
FNDA:7,(anonymous_1)
DA:6,2
DA:19,7
LF:2
LH:2
BRF:0
BRH:0
end_of_record
TN:
SF:components/Tag/index.ts
FNF:0
FNH:0
DA:1,0
LF:1
LH:0
BRF:0
BRH:0
end_of_record
TN:
SF:components/TagsPanel/TagsPanel.tsx
FN:9,(anonymous_2)
FN:13,(anonymous_3)
FN:14,(anonymous_4)
FNF:3
FNH:3
FNDA:3,(anonymous_2)
FNDA:4,(anonymous_3)
FNDA:1,(anonymous_4)
DA:1,1
DA:2,1
DA:9,1
DA:11,3
DA:14,4
DA:20,3
LF:6
LH:6
BRDA:11,0,0,2
BRDA:11,0,1,1
BRDA:11,1,0,3
BRDA:11,1,1,3
BRF:4
BRH:4
end_of_record
TN:
SF:components/TagsPanel/index.ts
FNF:0
FNH:0
DA:1,0
LF:1
LH:0
BRF:0
BRH:0
end_of_record
TN:
SF:pages/_app.tsx
FN:4,App
FNF:1
FNH:0
FNDA:0,App
DA:1,0
DA:4,0
LF:2
LH:0
BRF:0
BRH:0
end_of_record
TN:
SF:pages/_document.tsx
FN:3,Document
FNF:1
FNH:0
FNDA:0,Document
DA:1,0
DA:3,0
LF:2
LH:0
BRF:0
BRH:0
end_of_record
TN:
SF:pages/index.tsx
FN:30,Home
FN:31,(anonymous_5)
FN:32,(anonymous_6)
FN:39,(anonymous_7)
FN:40,(anonymous_8)
FN:42,(anonymous_9)
FN:46,(anonymous_10)
FN:50,(anonymous_11)
FN:55,(anonymous_12)
FN:56,(anonymous_13)
FN:56,(anonymous_14)
FN:69,(anonymous_15)
FN:75,(anonymous_16)
FN:76,(anonymous_17)
FN:76,(anonymous_18)
FN:87,(anonymous_19)
FN:91,(anonymous_20)
FN:91,(anonymous_21)
FN:92,(anonymous_22)
FN:92,(anonymous_23)
FN:100,(anonymous_24)
FN:107,(anonymous_25)
FN:109,(anonymous_26)
FN:109,(anonymous_27)
FN:111,(anonymous_28)
FN:113,(anonymous_29)
FN:113,(anonymous_30)
FN:125,(anonymous_31)
FN:167,(anonymous_32)
FN:189,(anonymous_33)
FN:190,(anonymous_34)
FNF:31
FNH:0
FNDA:0,Home
FNDA:0,(anonymous_5)
FNDA:0,(anonymous_6)
FNDA:0,(anonymous_7)
FNDA:0,(anonymous_8)
FNDA:0,(anonymous_9)
FNDA:0,(anonymous_10)
FNDA:0,(anonymous_11)
FNDA:0,(anonymous_12)
FNDA:0,(anonymous_13)
FNDA:0,(anonymous_14)
FNDA:0,(anonymous_15)
FNDA:0,(anonymous_16)
FNDA:0,(anonymous_17)
FNDA:0,(anonymous_18)
FNDA:0,(anonymous_19)
FNDA:0,(anonymous_20)
FNDA:0,(anonymous_21)
FNDA:0,(anonymous_22)
FNDA:0,(anonymous_23)
FNDA:0,(anonymous_24)
FNDA:0,(anonymous_25)
FNDA:0,(anonymous_26)
FNDA:0,(anonymous_27)
FNDA:0,(anonymous_28)
FNDA:0,(anonymous_29)
FNDA:0,(anonymous_30)
FNDA:0,(anonymous_31)
FNDA:0,(anonymous_32)
FNDA:0,(anonymous_33)
FNDA:0,(anonymous_34)
DA:2,0
DA:4,0
DA:6,0
DA:7,0
DA:8,0
DA:9,0
DA:11,0
DA:12,0
DA:13,0
DA:16,0
DA:17,0
DA:18,0
DA:30,0
DA:31,0
DA:32,0
DA:33,0
DA:34,0
DA:35,0
DA:36,0
DA:39,0
DA:40,0
DA:42,0
DA:43,0
DA:44,0
DA:46,0
DA:50,0
DA:51,0
DA:52,0
DA:53,0
DA:54,0
DA:55,0
DA:56,0
DA:57,0
DA:59,0
DA:69,0
DA:70,0
DA:71,0
DA:72,0
DA:73,0
DA:75,0
DA:76,0
DA:77,0
DA:78,0
DA:87,0
DA:88,0
DA:89,0
DA:90,0
DA:91,0
DA:92,0
DA:94,0
DA:100,0
DA:101,0
DA:102,0
DA:103,0
DA:104,0
DA:106,0
DA:107,0
DA:108,0
DA:109,0
DA:111,0
DA:112,0
DA:113,0
DA:115,0
DA:116,0
DA:125,0
DA:126,0
DA:127,0
DA:128,0
DA:167,0
DA:169,0
DA:171,0
DA:173,0
DA:174,0
DA:175,0
DA:176,0
DA:178,0
DA:179,0
DA:180,0
DA:181,0
DA:182,0
DA:184,0
DA:185,0
DA:187,0
DA:189,0
DA:191,0
DA:196,0
DA:199,0
DA:203,0
DA:206,0
LF:89
LH:0
BRDA:39,0,0,0
BRDA:39,0,1,0
BRDA:39,1,0,0
BRDA:39,1,1,0
BRDA:40,2,0,0
BRDA:40,2,1,0
BRDA:40,3,0,0
BRDA:40,3,1,0
BRDA:43,4,0,0
BRDA:43,4,1,0
BRDA:56,5,0,0
BRDA:56,5,1,0
BRDA:76,6,0,0
BRDA:76,6,1,0
BRDA:106,7,0,0
BRDA:106,7,1,0
BRDA:109,8,0,0
BRDA:109,8,1,0
BRDA:113,9,0,0
BRDA:113,9,1,0
BRDA:153,10,0,0
BRDA:171,11,0,0
BRDA:171,11,1,0
BRDA:171,12,0,0
BRDA:171,12,1,0
BRDA:185,13,0,0
BRDA:185,13,1,0
BRDA:185,14,0,0
BRDA:185,14,1,0
BRDA:189,15,0,0
BRDA:189,15,1,0
BRDA:189,16,0,0
BRDA:189,16,1,0
BRDA:191,17,0,0
BRDA:191,17,1,0
BRDA:191,17,2,0
BRDA:191,17,3,0
BRDA:191,17,4,0
BRDA:191,17,5,0
BRDA:196,18,0,0
BRDA:196,18,1,0
BRDA:199,19,0,0
BRDA:199,19,1,0
BRDA:211,20,0,0
BRDA:211,20,1,0
BRDA:213,21,0,0
BRDA:213,21,1,0
BRDA:214,22,0,0
BRDA:214,22,1,0
BRF:49
BRH:0
end_of_record
TN:
SF:pages/api/apply-filters.ts
FN:3,handler
FN:7,(anonymous_2)
FNF:2
FNH:0
FNDA:0,handler
FNDA:0,(anonymous_2)
DA:3,0
DA:7,0
DA:8,0
DA:10,0
DA:11,0
DA:12,0
DA:13,0
DA:14,0
DA:15,0
LF:9
LH:0
BRDA:8,0,0,0
BRDA:8,0,1,0
BRDA:10,1,0,0
BRDA:10,1,1,0
BRDA:12,2,0,0
BRDA:12,2,1,0
BRDA:13,3,0,0
BRDA:13,3,1,0
BRF:8
BRH:0
end_of_record
TN:
SF:pages/api/hello.ts
FN:8,handler
FNF:1
FNH:0
FNDA:0,handler
DA:8,0
DA:12,0
LF:2
LH:0
BRF:0
BRH:0
end_of_record
TN:
SF:pages/api/pagination.ts
FN:4,handler
FNF:1
FNH:0
FNDA:0,handler
DA:4,0
DA:12,0
DA:13,0
DA:14,0
DA:15,0
DA:17,0
DA:18,0
DA:19,0
DA:20,0
DA:22,0
DA:23,0
DA:24,0
DA:25,0
DA:27,0
DA:31,0
LF:15
LH:0
BRDA:14,0,0,0
BRDA:14,0,1,0
BRDA:17,1,0,0
BRDA:17,1,1,0
BRDA:18,2,0,0
BRDA:18,2,1,0
BRDA:19,3,0,0
BRDA:19,3,1,0
BRDA:22,4,0,0
BRDA:22,4,1,0
BRDA:22,5,0,0
BRDA:22,5,1,0
BRDA:24,6,0,0
BRDA:24,6,1,0
BRF:14
BRH:0
end_of_record
TN:
SF:pages/api/remove-filters.ts
FN:4,handler
FNF:1
FNH:0
FNDA:0,handler
DA:1,0
DA:4,0
DA:8,0
DA:9,0
DA:10,0
DA:12,0
DA:13,0
DA:14,0
DA:15,0
DA:17,0
DA:20,0
DA:21,0
LF:12
LH:0
BRDA:9,0,0,0
BRDA:9,0,1,0
BRDA:12,1,0,0
BRDA:12,1,1,0
BRDA:14,2,0,0
BRDA:14,2,1,0
BRDA:20,3,0,0
BRDA:20,3,1,0
BRF:8
BRH:0
end_of_record
TN:
SF:pages/api/search.ts
FN:3,handler
FNF:1
FNH:0
FNDA:0,handler
DA:3,0
DA:10,0
DA:12,0
DA:13,0
DA:15,0
LF:5
LH:0
BRDA:12,0,0,0
BRDA:12,0,1,0
BRDA:15,1,0,0
BRDA:15,1,1,0
BRF:4
BRH:0
end_of_record
TN:
SF:pages/meals/[id].tsx
FN:13,(anonymous_4)
FN:36,(anonymous_5)
FN:59,(anonymous_6)
FNF:3
FNH:0
FNDA:0,(anonymous_4)
FNDA:0,(anonymous_5)
FNDA:0,(anonymous_6)
DA:2,0
DA:5,0
DA:6,0
DA:7,0
DA:13,0
DA:14,0
DA:37,0
DA:57,0
DA:59,0
DA:60,0
DA:61,0
DA:63,0
DA:64,0
DA:65,0
DA:66,0
DA:67,0
DA:68,0
DA:69,0
DA:70,0
DA:71,0
DA:72,0
DA:76,0
DA:88,0
DA:90,0
LF:24
LH:0
BRDA:48,0,0,0
BRDA:60,1,0,0
BRDA:60,1,1,0
BRDA:60,2,0,0
BRDA:60,2,1,0
BRDA:65,3,0,0
BRDA:65,3,1,0
BRDA:65,4,0,0
BRDA:65,4,1,0
BRDA:65,4,2,0
BRDA:71,5,0,0
BRDA:71,5,1,0
BRDA:71,6,0,0
BRDA:71,6,1,0
BRF:14
BRH:0
end_of_record
